{"/home/lucio/MyWorks/Corsi/OverNet/randstad201802/JavaBase/Codice/exampleProjects/JavascriptExamples/WebContent/js/fattoriale.js": {"path":"/home/lucio/MyWorks/Corsi/OverNet/randstad201802/JavaBase/Codice/exampleProjects/JavascriptExamples/WebContent/js/fattoriale.js","statementMap":{"0":{"start":{"line":1,"column":20},"end":{"line":9,"column":1}},"1":{"start":{"line":2,"column":14},"end":{"line":2,"column":15}},"2":{"start":{"line":3,"column":9},"end":{"line":3,"column":10}},"3":{"start":{"line":4,"column":1},"end":{"line":7,"column":2}},"4":{"start":{"line":5,"column":2},"end":{"line":5,"column":13}},"5":{"start":{"line":6,"column":2},"end":{"line":6,"column":5}},"6":{"start":{"line":8,"column":1},"end":{"line":8,"column":15}},"7":{"start":{"line":11,"column":21},"end":{"line":19,"column":1}},"8":{"start":{"line":12,"column":14},"end":{"line":12,"column":15}},"9":{"start":{"line":13,"column":9},"end":{"line":13,"column":10}},"10":{"start":{"line":14,"column":1},"end":{"line":17,"column":17}},"11":{"start":{"line":15,"column":2},"end":{"line":15,"column":13}},"12":{"start":{"line":16,"column":2},"end":{"line":16,"column":5}},"13":{"start":{"line":18,"column":1},"end":{"line":18,"column":15}},"14":{"start":{"line":21,"column":20},"end":{"line":26,"column":1}},"15":{"start":{"line":22,"column":1},"end":{"line":24,"column":2}},"16":{"start":{"line":23,"column":2},"end":{"line":23,"column":33}},"17":{"start":{"line":25,"column":1},"end":{"line":25,"column":9}},"18":{"start":{"line":28,"column":20},"end":{"line":41,"column":1}},"19":{"start":{"line":29,"column":14},"end":{"line":29,"column":15}},"20":{"start":{"line":30,"column":9},"end":{"line":30,"column":10}},"21":{"start":{"line":31,"column":1},"end":{"line":40,"column":15}},"22":{"start":{"line":32,"column":14},"end":{"line":32,"column":26}},"23":{"start":{"line":33,"column":2},"end":{"line":39,"column":3}},"24":{"start":{"line":34,"column":3},"end":{"line":34,"column":6}},"25":{"start":{"line":35,"column":3},"end":{"line":35,"column":14}},"26":{"start":{"line":37,"column":3},"end":{"line":37,"column":13}},"27":{"start":{"line":38,"column":3},"end":{"line":38,"column":8}},"28":{"start":{"line":43,"column":0},"end":{"line":43,"column":32}},"29":{"start":{"line":44,"column":0},"end":{"line":44,"column":34}},"30":{"start":{"line":45,"column":0},"end":{"line":45,"column":31}},"31":{"start":{"line":46,"column":0},"end":{"line":46,"column":31}}},"fnMap":{"0":{"name":"(anonymous_0)","decl":{"start":{"line":1,"column":20},"end":{"line":1,"column":21}},"loc":{"start":{"line":1,"column":32},"end":{"line":9,"column":1}},"line":1},"1":{"name":"(anonymous_1)","decl":{"start":{"line":11,"column":21},"end":{"line":11,"column":22}},"loc":{"start":{"line":11,"column":33},"end":{"line":19,"column":1}},"line":11},"2":{"name":"(anonymous_2)","decl":{"start":{"line":21,"column":20},"end":{"line":21,"column":21}},"loc":{"start":{"line":21,"column":32},"end":{"line":26,"column":1}},"line":21},"3":{"name":"(anonymous_3)","decl":{"start":{"line":28,"column":20},"end":{"line":28,"column":21}},"loc":{"start":{"line":28,"column":32},"end":{"line":41,"column":1}},"line":28}},"branchMap":{"0":{"loc":{"start":{"line":22,"column":1},"end":{"line":24,"column":2}},"type":"if","locations":[{"start":{"line":22,"column":1},"end":{"line":24,"column":2}},{"start":{"line":22,"column":1},"end":{"line":24,"column":2}}],"line":22},"1":{"loc":{"start":{"line":33,"column":2},"end":{"line":39,"column":3}},"type":"if","locations":[{"start":{"line":33,"column":2},"end":{"line":39,"column":3}},{"start":{"line":33,"column":2},"end":{"line":39,"column":3}}],"line":33}},"s":{"0":1,"1":3,"2":3,"3":3,"4":6,"5":6,"6":3,"7":1,"8":1,"9":1,"10":1,"11":4,"12":4,"13":1,"14":1,"15":5,"16":3,"17":2,"18":1,"19":1,"20":1,"21":1,"22":8,"23":7,"24":6,"25":6,"26":1,"27":1,"28":1,"29":1,"30":1,"31":1},"f":{"0":3,"1":1,"2":5,"3":1},"b":{"0":[3,2],"1":[6,1]},"_coverageSchema":"332fd63041d2c1bcb487cc26dd0d5f7d97098a6c","hash":"32dc88e4cc967cec2d9633974cd5c5bf5293ed7f"}
}
