TN:
SF:/home/lucio/MyWorks/Corsi/OverNet/randstad201802/JavaBase/Codice/exampleProjects/JavascriptExamples/WebContent/js/fattoriale.js
FN:1,(anonymous_0)
FN:11,(anonymous_1)
FN:21,(anonymous_2)
FN:28,(anonymous_3)
FNF:4
FNH:4
FNDA:3,(anonymous_0)
FNDA:1,(anonymous_1)
FNDA:5,(anonymous_2)
FNDA:1,(anonymous_3)
DA:1,1
DA:2,3
DA:3,3
DA:4,3
DA:5,6
DA:6,6
DA:8,3
DA:11,1
DA:12,1
DA:13,1
DA:14,1
DA:15,4
DA:16,4
DA:18,1
DA:21,1
DA:22,5
DA:23,3
DA:25,2
DA:28,1
DA:29,1
DA:30,1
DA:31,1
DA:32,8
DA:33,7
DA:34,6
DA:35,6
DA:37,1
DA:38,1
DA:43,1
DA:44,1
DA:45,1
DA:46,1
LF:32
LH:32
BRDA:22,0,0,3
BRDA:22,0,1,2
BRDA:33,1,0,6
BRDA:33,1,1,1
BRF:4
BRH:4
end_of_record
